{"C:\\Users\\32477\\OneDrive\\Bureaublad\\Projects\\Time2Bill\\backend\\src\\index.js": {"path":"C:\\Users\\32477\\OneDrive\\Bureaublad\\Projects\\Time2Bill\\backend\\src\\index.js","statementMap":{"0":{"start":{"line":16,"column":18},"end":{"line":16,"column":57}},"1":{"start":{"line":18,"column":0},"end":{"line":18,"column":16}},"2":{"start":{"line":20,"column":12},"end":{"line":20,"column":21}},"3":{"start":{"line":23,"column":0},"end":{"line":38,"column":4}},"4":{"start":{"line":26,"column":4},"end":{"line":26,"column":45}},"5":{"start":{"line":26,"column":17},"end":{"line":26,"column":45}},"6":{"start":{"line":29,"column":4},"end":{"line":31,"column":5}},"7":{"start":{"line":30,"column":6},"end":{"line":30,"column":34}},"8":{"start":{"line":33,"column":4},"end":{"line":33,"column":47}},"9":{"start":{"line":41,"column":0},"end":{"line":41,"column":25}},"10":{"start":{"line":43,"column":0},"end":{"line":43,"column":24}},"11":{"start":{"line":46,"column":0},"end":{"line":46,"column":26}},"12":{"start":{"line":47,"column":14},"end":{"line":47,"column":32}},"13":{"start":{"line":50,"column":0},"end":{"line":52,"column":3}},"14":{"start":{"line":51,"column":2},"end":{"line":51,"column":47}},"15":{"start":{"line":54,"column":0},"end":{"line":59,"column":3}},"16":{"start":{"line":55,"column":2},"end":{"line":58,"column":5}},"17":{"start":{"line":62,"column":0},"end":{"line":62,"column":34}},"18":{"start":{"line":63,"column":0},"end":{"line":63,"column":40}},"19":{"start":{"line":64,"column":0},"end":{"line":64,"column":38}},"20":{"start":{"line":65,"column":0},"end":{"line":65,"column":40}},"21":{"start":{"line":66,"column":0},"end":{"line":66,"column":37}},"22":{"start":{"line":67,"column":0},"end":{"line":67,"column":52}},"23":{"start":{"line":68,"column":0},"end":{"line":68,"column":58}},"24":{"start":{"line":70,"column":13},"end":{"line":70,"column":37}},"25":{"start":{"line":71,"column":0},"end":{"line":73,"column":3}},"26":{"start":{"line":72,"column":2},"end":{"line":72,"column":48}}},"fnMap":{"0":{"name":"(anonymous_0)","decl":{"start":{"line":24,"column":10},"end":{"line":24,"column":11}},"loc":{"start":{"line":24,"column":32},"end":{"line":34,"column":3}},"line":24},"1":{"name":"(anonymous_1)","decl":{"start":{"line":50,"column":21},"end":{"line":50,"column":22}},"loc":{"start":{"line":50,"column":35},"end":{"line":52,"column":1}},"line":50},"2":{"name":"(anonymous_2)","decl":{"start":{"line":54,"column":23},"end":{"line":54,"column":24}},"loc":{"start":{"line":54,"column":37},"end":{"line":59,"column":1}},"line":54},"3":{"name":"(anonymous_3)","decl":{"start":{"line":71,"column":17},"end":{"line":71,"column":18}},"loc":{"start":{"line":71,"column":23},"end":{"line":73,"column":1}},"line":71}},"branchMap":{"0":{"loc":{"start":{"line":26,"column":4},"end":{"line":26,"column":45}},"type":"if","locations":[{"start":{"line":26,"column":4},"end":{"line":26,"column":45}},{"start":{},"end":{}}],"line":26},"1":{"loc":{"start":{"line":29,"column":4},"end":{"line":31,"column":5}},"type":"if","locations":[{"start":{"line":29,"column":4},"end":{"line":31,"column":5}},{"start":{},"end":{}}],"line":29},"2":{"loc":{"start":{"line":57,"column":14},"end":{"line":57,"column":62}},"type":"cond-expr","locations":[{"start":{"line":57,"column":33},"end":{"line":57,"column":44}},{"start":{"line":57,"column":47},"end":{"line":57,"column":62}}],"line":57},"3":{"loc":{"start":{"line":70,"column":13},"end":{"line":70,"column":37}},"type":"binary-expr","locations":[{"start":{"line":70,"column":13},"end":{"line":70,"column":29}},{"start":{"line":70,"column":33},"end":{"line":70,"column":37}}],"line":70}},"s":{"0":0,"1":0,"2":0,"3":0,"4":0,"5":0,"6":0,"7":0,"8":0,"9":0,"10":0,"11":0,"12":0,"13":0,"14":0,"15":0,"16":0,"17":0,"18":0,"19":0,"20":0,"21":0,"22":0,"23":0,"24":0,"25":0,"26":0},"f":{"0":0,"1":0,"2":0,"3":0},"b":{"0":[0,0],"1":[0,0],"2":[0,0],"3":[0,0]},"inputSourceMap":null}
,"C:\\Users\\32477\\OneDrive\\Bureaublad\\Projects\\Time2Bill\\backend\\src\\functions\\sendInvoiceEmail.js": {"path":"C:\\Users\\32477\\OneDrive\\Bureaublad\\Projects\\Time2Bill\\backend\\src\\functions\\sendInvoiceEmail.js","statementMap":{"0":{"start":{"line":4,"column":32},"end":{"line":89,"column":2}},"1":{"start":{"line":5,"column":2},"end":{"line":88,"column":3}},"2":{"start":{"line":7,"column":4},"end":{"line":12,"column":5}},"3":{"start":{"line":8,"column":6},"end":{"line":11,"column":8}},"4":{"start":{"line":14,"column":55},"end":{"line":14,"column":59}},"5":{"start":{"line":15,"column":19},"end":{"line":15,"column":35}},"6":{"start":{"line":18,"column":4},"end":{"line":24,"column":5}},"7":{"start":{"line":19,"column":6},"end":{"line":23,"column":8}},"8":{"start":{"line":27,"column":29},"end":{"line":32,"column":12}},"9":{"start":{"line":34,"column":4},"end":{"line":39,"column":5}},"10":{"start":{"line":35,"column":6},"end":{"line":38,"column":8}},"11":{"start":{"line":41,"column":21},"end":{"line":41,"column":44}},"12":{"start":{"line":44,"column":21},"end":{"line":58,"column":5}},"13":{"start":{"line":60,"column":4},"end":{"line":60,"column":61}},"14":{"start":{"line":63,"column":18},"end":{"line":63,"column":53}},"15":{"start":{"line":64,"column":4},"end":{"line":82,"column":5}},"16":{"start":{"line":65,"column":28},"end":{"line":65,"column":36}},"17":{"start":{"line":66,"column":26},"end":{"line":69,"column":31}},"18":{"start":{"line":71,"column":27},"end":{"line":74,"column":14}},"19":{"start":{"line":76,"column":6},"end":{"line":81,"column":7}},"20":{"start":{"line":77,"column":8},"end":{"line":80,"column":11}},"21":{"start":{"line":84,"column":4},"end":{"line":84,"column":29}},"22":{"start":{"line":86,"column":4},"end":{"line":86,"column":57}},"23":{"start":{"line":87,"column":4},"end":{"line":87,"column":84}}},"fnMap":{"0":{"name":"(anonymous_0)","decl":{"start":{"line":4,"column":55},"end":{"line":4,"column":56}},"loc":{"start":{"line":4,"column":80},"end":{"line":89,"column":1}},"line":4}},"branchMap":{"0":{"loc":{"start":{"line":7,"column":4},"end":{"line":12,"column":5}},"type":"if","locations":[{"start":{"line":7,"column":4},"end":{"line":12,"column":5}},{"start":{},"end":{}}],"line":7},"1":{"loc":{"start":{"line":18,"column":4},"end":{"line":24,"column":5}},"type":"if","locations":[{"start":{"line":18,"column":4},"end":{"line":24,"column":5}},{"start":{},"end":{}}],"line":18},"2":{"loc":{"start":{"line":18,"column":8},"end":{"line":18,"column":59}},"type":"binary-expr","locations":[{"start":{"line":18,"column":8},"end":{"line":18,"column":11}},{"start":{"line":18,"column":15},"end":{"line":18,"column":23}},{"start":{"line":18,"column":27},"end":{"line":18,"column":32}},{"start":{"line":18,"column":36},"end":{"line":18,"column":46}},{"start":{"line":18,"column":50},"end":{"line":18,"column":59}}],"line":18},"3":{"loc":{"start":{"line":34,"column":4},"end":{"line":39,"column":5}},"type":"if","locations":[{"start":{"line":34,"column":4},"end":{"line":39,"column":5}},{"start":{},"end":{}}],"line":34},"4":{"loc":{"start":{"line":64,"column":4},"end":{"line":82,"column":5}},"type":"if","locations":[{"start":{"line":64,"column":4},"end":{"line":82,"column":5}},{"start":{},"end":{}}],"line":64},"5":{"loc":{"start":{"line":64,"column":8},"end":{"line":64,"column":25}},"type":"binary-expr","locations":[{"start":{"line":64,"column":8},"end":{"line":64,"column":13}},{"start":{"line":64,"column":17},"end":{"line":64,"column":25}}],"line":64},"6":{"loc":{"start":{"line":76,"column":6},"end":{"line":81,"column":7}},"type":"if","locations":[{"start":{"line":76,"column":6},"end":{"line":81,"column":7}},{"start":{},"end":{}}],"line":76}},"s":{"0":0,"1":0,"2":0,"3":0,"4":0,"5":0,"6":0,"7":0,"8":0,"9":0,"10":0,"11":0,"12":0,"13":0,"14":0,"15":0,"16":0,"17":0,"18":0,"19":0,"20":0,"21":0,"22":0,"23":0},"f":{"0":0},"b":{"0":[0,0],"1":[0,0],"2":[0,0,0,0,0],"3":[0,0],"4":[0,0],"5":[0,0],"6":[0,0]},"inputSourceMap":null}
,"C:\\Users\\32477\\OneDrive\\Bureaublad\\Projects\\Time2Bill\\backend\\src\\middleware\\auth.middleware.js": {"path":"C:\\Users\\32477\\OneDrive\\Bureaublad\\Projects\\Time2Bill\\backend\\src\\middleware\\auth.middleware.js","statementMap":{"0":{"start":{"line":3,"column":14},"end":{"line":3,"column":32}},"1":{"start":{"line":5,"column":30},"end":{"line":34,"column":1}},"2":{"start":{"line":6,"column":2},"end":{"line":33,"column":3}},"3":{"start":{"line":7,"column":23},"end":{"line":7,"column":48}},"4":{"start":{"line":9,"column":4},"end":{"line":11,"column":5}},"5":{"start":{"line":10,"column":6},"end":{"line":10,"column":81}},"6":{"start":{"line":13,"column":18},"end":{"line":13,"column":48}},"7":{"start":{"line":15,"column":4},"end":{"line":29,"column":5}},"8":{"start":{"line":16,"column":27},"end":{"line":16,"column":66}},"9":{"start":{"line":17,"column":6},"end":{"line":17,"column":30}},"10":{"start":{"line":20,"column":21},"end":{"line":20,"column":38}},"11":{"start":{"line":21,"column":6},"end":{"line":23,"column":7}},"12":{"start":{"line":22,"column":8},"end":{"line":22,"column":109}},"13":{"start":{"line":25,"column":6},"end":{"line":25,"column":13}},"14":{"start":{"line":27,"column":6},"end":{"line":27,"column":56}},"15":{"start":{"line":28,"column":6},"end":{"line":28,"column":77}},"16":{"start":{"line":31,"column":4},"end":{"line":31,"column":51}},"17":{"start":{"line":32,"column":4},"end":{"line":32,"column":61}}},"fnMap":{"0":{"name":"(anonymous_0)","decl":{"start":{"line":5,"column":30},"end":{"line":5,"column":31}},"loc":{"start":{"line":5,"column":56},"end":{"line":34,"column":1}},"line":5}},"branchMap":{"0":{"loc":{"start":{"line":9,"column":4},"end":{"line":11,"column":5}},"type":"if","locations":[{"start":{"line":9,"column":4},"end":{"line":11,"column":5}},{"start":{},"end":{}}],"line":9},"1":{"loc":{"start":{"line":9,"column":8},"end":{"line":9,"column":56}},"type":"binary-expr","locations":[{"start":{"line":9,"column":8},"end":{"line":9,"column":19}},{"start":{"line":9,"column":23},"end":{"line":9,"column":56}}],"line":9},"2":{"loc":{"start":{"line":21,"column":6},"end":{"line":23,"column":7}},"type":"if","locations":[{"start":{"line":21,"column":6},"end":{"line":23,"column":7}},{"start":{},"end":{}}],"line":21},"3":{"loc":{"start":{"line":21,"column":10},"end":{"line":21,"column":47}},"type":"binary-expr","locations":[{"start":{"line":21,"column":10},"end":{"line":21,"column":16}},{"start":{"line":21,"column":20},"end":{"line":21,"column":47}}],"line":21}},"s":{"0":2,"1":2,"2":0,"3":0,"4":0,"5":0,"6":0,"7":0,"8":0,"9":0,"10":0,"11":0,"12":0,"13":0,"14":0,"15":0,"16":0,"17":0},"f":{"0":0},"b":{"0":[0,0],"1":[0,0],"2":[0,0],"3":[0,0]},"inputSourceMap":null,"_coverageSchema":"1a1c01bbd47fc00a2c39e90264f33305004495a9","hash":"b3ff76d285c47c6d11c68cffcbc6f4b622a6c200"}
,"C:\\Users\\32477\\OneDrive\\Bureaublad\\Projects\\Time2Bill\\backend\\src\\middleware\\validation.middleware.js": {"path":"C:\\Users\\32477\\OneDrive\\Bureaublad\\Projects\\Time2Bill\\backend\\src\\middleware\\validation.middleware.js","statementMap":{"0":{"start":{"line":6,"column":31},"end":{"line":35,"column":1}},"1":{"start":{"line":7,"column":2},"end":{"line":34,"column":4}},"2":{"start":{"line":8,"column":4},"end":{"line":33,"column":5}},"3":{"start":{"line":10,"column":29},"end":{"line":10,"column":37}},"4":{"start":{"line":13,"column":21},"end":{"line":13,"column":75}},"5":{"start":{"line":15,"column":6},"end":{"line":26,"column":7}},"6":{"start":{"line":17,"column":23},"end":{"line":20,"column":11}},"7":{"start":{"line":17,"column":58},"end":{"line":20,"column":9}},"8":{"start":{"line":22,"column":8},"end":{"line":25,"column":11}},"9":{"start":{"line":29,"column":6},"end":{"line":29,"column":13}},"10":{"start":{"line":31,"column":6},"end":{"line":31,"column":59}},"11":{"start":{"line":32,"column":6},"end":{"line":32,"column":81}}},"fnMap":{"0":{"name":"(anonymous_0)","decl":{"start":{"line":6,"column":31},"end":{"line":6,"column":32}},"loc":{"start":{"line":6,"column":43},"end":{"line":35,"column":1}},"line":6},"1":{"name":"(anonymous_1)","decl":{"start":{"line":7,"column":9},"end":{"line":7,"column":10}},"loc":{"start":{"line":7,"column":29},"end":{"line":34,"column":3}},"line":7},"2":{"name":"(anonymous_2)","decl":{"start":{"line":17,"column":48},"end":{"line":17,"column":49}},"loc":{"start":{"line":17,"column":58},"end":{"line":20,"column":9}},"line":17}},"branchMap":{"0":{"loc":{"start":{"line":15,"column":6},"end":{"line":26,"column":7}},"type":"if","locations":[{"start":{"line":15,"column":6},"end":{"line":26,"column":7}},{"start":{},"end":{}}],"line":15}},"s":{"0":2,"1":14,"2":0,"3":0,"4":0,"5":0,"6":0,"7":0,"8":0,"9":0,"10":0,"11":0},"f":{"0":14,"1":0,"2":0},"b":{"0":[0,0]},"inputSourceMap":null,"_coverageSchema":"1a1c01bbd47fc00a2c39e90264f33305004495a9","hash":"809c9c5cf596ef5ecfc3400d07b29718c27e0d1f"}
,"C:\\Users\\32477\\OneDrive\\Bureaublad\\Projects\\Time2Bill\\backend\\src\\routes\\clients.js": {"path":"C:\\Users\\32477\\OneDrive\\Bureaublad\\Projects\\Time2Bill\\backend\\src\\routes\\clients.js","statementMap":{"0":{"start":{"line":4,"column":15},"end":{"line":4,"column":31}},"1":{"start":{"line":5,"column":14},"end":{"line":5,"column":32}},"2":{"start":{"line":8,"column":0},"end":{"line":42,"column":3}},"3":{"start":{"line":9,"column":2},"end":{"line":41,"column":3}},"4":{"start":{"line":10,"column":23},"end":{"line":10,"column":33}},"5":{"start":{"line":11,"column":55},"end":{"line":11,"column":63}},"6":{"start":{"line":13,"column":4},"end":{"line":15,"column":5}},"7":{"start":{"line":14,"column":6},"end":{"line":14,"column":72}},"8":{"start":{"line":17,"column":22},"end":{"line":21,"column":12}},"9":{"start":{"line":23,"column":4},"end":{"line":31,"column":7}},"10":{"start":{"line":33,"column":4},"end":{"line":36,"column":7}},"11":{"start":{"line":39,"column":4},"end":{"line":39,"column":51}},"12":{"start":{"line":40,"column":4},"end":{"line":40,"column":51}},"13":{"start":{"line":45,"column":0},"end":{"line":70,"column":3}},"14":{"start":{"line":46,"column":2},"end":{"line":69,"column":3}},"15":{"start":{"line":47,"column":23},"end":{"line":47,"column":33}},"16":{"start":{"line":49,"column":28},"end":{"line":54,"column":12}},"17":{"start":{"line":56,"column":20},"end":{"line":56,"column":22}},"18":{"start":{"line":57,"column":4},"end":{"line":62,"column":7}},"19":{"start":{"line":58,"column":6},"end":{"line":61,"column":9}},"20":{"start":{"line":64,"column":4},"end":{"line":64,"column":22}},"21":{"start":{"line":67,"column":4},"end":{"line":67,"column":52}},"22":{"start":{"line":68,"column":4},"end":{"line":68,"column":51}},"23":{"start":{"line":73,"column":0},"end":{"line":115,"column":3}},"24":{"start":{"line":74,"column":2},"end":{"line":114,"column":3}},"25":{"start":{"line":75,"column":33},"end":{"line":75,"column":43}},"26":{"start":{"line":77,"column":22},"end":{"line":82,"column":12}},"27":{"start":{"line":84,"column":4},"end":{"line":86,"column":5}},"28":{"start":{"line":85,"column":6},"end":{"line":85,"column":65}},"29":{"start":{"line":89,"column":29},"end":{"line":95,"column":12}},"30":{"start":{"line":97,"column":21},"end":{"line":97,"column":23}},"31":{"start":{"line":98,"column":4},"end":{"line":103,"column":7}},"32":{"start":{"line":99,"column":6},"end":{"line":102,"column":9}},"33":{"start":{"line":105,"column":4},"end":{"line":109,"column":7}},"34":{"start":{"line":112,"column":4},"end":{"line":112,"column":51}},"35":{"start":{"line":113,"column":4},"end":{"line":113,"column":51}},"36":{"start":{"line":118,"column":0},"end":{"line":139,"column":3}},"37":{"start":{"line":119,"column":2},"end":{"line":138,"column":3}},"38":{"start":{"line":120,"column":33},"end":{"line":120,"column":43}},"39":{"start":{"line":121,"column":23},"end":{"line":121,"column":31}},"40":{"start":{"line":124,"column":4},"end":{"line":124,"column":72}},"41":{"start":{"line":126,"column":4},"end":{"line":131,"column":26}},"42":{"start":{"line":133,"column":4},"end":{"line":133,"column":57}},"43":{"start":{"line":136,"column":4},"end":{"line":136,"column":51}},"44":{"start":{"line":137,"column":4},"end":{"line":137,"column":51}},"45":{"start":{"line":142,"column":0},"end":{"line":174,"column":3}},"46":{"start":{"line":143,"column":2},"end":{"line":173,"column":3}},"47":{"start":{"line":144,"column":33},"end":{"line":144,"column":43}},"48":{"start":{"line":147,"column":29},"end":{"line":153,"column":12}},"49":{"start":{"line":155,"column":4},"end":{"line":159,"column":5}},"50":{"start":{"line":156,"column":6},"end":{"line":158,"column":9}},"51":{"start":{"line":161,"column":4},"end":{"line":166,"column":16}},"52":{"start":{"line":168,"column":4},"end":{"line":168,"column":57}},"53":{"start":{"line":171,"column":4},"end":{"line":171,"column":51}},"54":{"start":{"line":172,"column":4},"end":{"line":172,"column":51}}},"fnMap":{"0":{"name":"(anonymous_0)","decl":{"start":{"line":8,"column":24},"end":{"line":8,"column":25}},"loc":{"start":{"line":8,"column":44},"end":{"line":42,"column":1}},"line":8},"1":{"name":"(anonymous_1)","decl":{"start":{"line":45,"column":23},"end":{"line":45,"column":24}},"loc":{"start":{"line":45,"column":43},"end":{"line":70,"column":1}},"line":45},"2":{"name":"(anonymous_2)","decl":{"start":{"line":57,"column":28},"end":{"line":57,"column":29}},"loc":{"start":{"line":57,"column":35},"end":{"line":62,"column":5}},"line":57},"3":{"name":"(anonymous_3)","decl":{"start":{"line":73,"column":33},"end":{"line":73,"column":34}},"loc":{"start":{"line":73,"column":53},"end":{"line":115,"column":1}},"line":73},"4":{"name":"(anonymous_4)","decl":{"start":{"line":98,"column":29},"end":{"line":98,"column":30}},"loc":{"start":{"line":98,"column":36},"end":{"line":103,"column":5}},"line":98},"5":{"name":"(anonymous_5)","decl":{"start":{"line":118,"column":33},"end":{"line":118,"column":34}},"loc":{"start":{"line":118,"column":53},"end":{"line":139,"column":1}},"line":118},"6":{"name":"(anonymous_6)","decl":{"start":{"line":142,"column":36},"end":{"line":142,"column":37}},"loc":{"start":{"line":142,"column":56},"end":{"line":174,"column":1}},"line":142}},"branchMap":{"0":{"loc":{"start":{"line":13,"column":4},"end":{"line":15,"column":5}},"type":"if","locations":[{"start":{"line":13,"column":4},"end":{"line":15,"column":5}},{"start":{},"end":{}}],"line":13},"1":{"loc":{"start":{"line":25,"column":13},"end":{"line":25,"column":26}},"type":"binary-expr","locations":[{"start":{"line":25,"column":13},"end":{"line":25,"column":18}},{"start":{"line":25,"column":22},"end":{"line":25,"column":26}}],"line":25},"2":{"loc":{"start":{"line":26,"column":13},"end":{"line":26,"column":26}},"type":"binary-expr","locations":[{"start":{"line":26,"column":13},"end":{"line":26,"column":18}},{"start":{"line":26,"column":22},"end":{"line":26,"column":26}}],"line":26},"3":{"loc":{"start":{"line":27,"column":15},"end":{"line":27,"column":30}},"type":"binary-expr","locations":[{"start":{"line":27,"column":15},"end":{"line":27,"column":22}},{"start":{"line":27,"column":26},"end":{"line":27,"column":30}}],"line":27},"4":{"loc":{"start":{"line":28,"column":17},"end":{"line":28,"column":34}},"type":"binary-expr","locations":[{"start":{"line":28,"column":17},"end":{"line":28,"column":26}},{"start":{"line":28,"column":30},"end":{"line":28,"column":34}}],"line":28},"5":{"loc":{"start":{"line":84,"column":4},"end":{"line":86,"column":5}},"type":"if","locations":[{"start":{"line":84,"column":4},"end":{"line":86,"column":5}},{"start":{},"end":{}}],"line":84},"6":{"loc":{"start":{"line":155,"column":4},"end":{"line":159,"column":5}},"type":"if","locations":[{"start":{"line":155,"column":4},"end":{"line":159,"column":5}},{"start":{},"end":{}}],"line":155}},"s":{"0":2,"1":2,"2":2,"3":0,"4":0,"5":0,"6":0,"7":0,"8":0,"9":0,"10":0,"11":0,"12":0,"13":2,"14":0,"15":0,"16":0,"17":0,"18":0,"19":0,"20":0,"21":0,"22":0,"23":2,"24":0,"25":0,"26":0,"27":0,"28":0,"29":0,"30":0,"31":0,"32":0,"33":0,"34":0,"35":0,"36":2,"37":0,"38":0,"39":0,"40":0,"41":0,"42":0,"43":0,"44":0,"45":2,"46":0,"47":0,"48":0,"49":0,"50":0,"51":0,"52":0,"53":0,"54":0},"f":{"0":0,"1":0,"2":0,"3":0,"4":0,"5":0,"6":0},"b":{"0":[0,0],"1":[0,0],"2":[0,0],"3":[0,0],"4":[0,0],"5":[0,0],"6":[0,0]},"inputSourceMap":null,"_coverageSchema":"1a1c01bbd47fc00a2c39e90264f33305004495a9","hash":"94b089ffeda8dc7851ee89703268e2bfc472307d"}
,"C:\\Users\\32477\\OneDrive\\Bureaublad\\Projects\\Time2Bill\\backend\\src\\routes\\config.js": {"path":"C:\\Users\\32477\\OneDrive\\Bureaublad\\Projects\\Time2Bill\\backend\\src\\routes\\config.js","statementMap":{"0":{"start":{"line":4,"column":15},"end":{"line":4,"column":31}},"1":{"start":{"line":6,"column":0},"end":{"line":8,"column":3}},"2":{"start":{"line":7,"column":2},"end":{"line":7,"column":32}}},"fnMap":{"0":{"name":"(anonymous_0)","decl":{"start":{"line":6,"column":24},"end":{"line":6,"column":25}},"loc":{"start":{"line":6,"column":38},"end":{"line":8,"column":1}},"line":6}},"branchMap":{},"s":{"0":2,"1":2,"2":0},"f":{"0":0},"b":{},"inputSourceMap":null,"_coverageSchema":"1a1c01bbd47fc00a2c39e90264f33305004495a9","hash":"ec5bb49071234e043ff12909d2055701c2f738f2"}
,"C:\\Users\\32477\\OneDrive\\Bureaublad\\Projects\\Time2Bill\\backend\\src\\routes\\invoices.js": {"path":"C:\\Users\\32477\\OneDrive\\Bureaublad\\Projects\\Time2Bill\\backend\\src\\routes\\invoices.js","statementMap":{"0":{"start":{"line":4,"column":15},"end":{"line":4,"column":31}},"1":{"start":{"line":5,"column":14},"end":{"line":5,"column":32}},"2":{"start":{"line":8,"column":0},"end":{"line":59,"column":3}},"3":{"start":{"line":9,"column":2},"end":{"line":58,"column":3}},"4":{"start":{"line":10,"column":23},"end":{"line":10,"column":33}},"5":{"start":{"line":11,"column":80},"end":{"line":11,"column":88}},"6":{"start":{"line":13,"column":4},"end":{"line":15,"column":5}},"7":{"start":{"line":14,"column":6},"end":{"line":14,"column":72}},"8":{"start":{"line":17,"column":23},"end":{"line":21,"column":12}},"9":{"start":{"line":23,"column":24},"end":{"line":33,"column":5}},"10":{"start":{"line":35,"column":4},"end":{"line":35,"column":38}},"11":{"start":{"line":38,"column":4},"end":{"line":47,"column":9}},"12":{"start":{"line":49,"column":4},"end":{"line":53,"column":7}},"13":{"start":{"line":56,"column":4},"end":{"line":56,"column":52}},"14":{"start":{"line":57,"column":4},"end":{"line":57,"column":51}},"15":{"start":{"line":62,"column":0},"end":{"line":93,"column":3}},"16":{"start":{"line":63,"column":2},"end":{"line":92,"column":3}},"17":{"start":{"line":64,"column":23},"end":{"line":64,"column":33}},"18":{"start":{"line":65,"column":23},"end":{"line":65,"column":32}},"19":{"start":{"line":67,"column":16},"end":{"line":71,"column":35}},"20":{"start":{"line":73,"column":4},"end":{"line":75,"column":5}},"21":{"start":{"line":74,"column":6},"end":{"line":74,"column":50}},"22":{"start":{"line":77,"column":29},"end":{"line":77,"column":46}},"23":{"start":{"line":79,"column":21},"end":{"line":79,"column":23}},"24":{"start":{"line":80,"column":4},"end":{"line":85,"column":7}},"25":{"start":{"line":81,"column":6},"end":{"line":84,"column":9}},"26":{"start":{"line":87,"column":4},"end":{"line":87,"column":23}},"27":{"start":{"line":90,"column":4},"end":{"line":90,"column":53}},"28":{"start":{"line":91,"column":4},"end":{"line":91,"column":51}},"29":{"start":{"line":96,"column":0},"end":{"line":118,"column":3}},"30":{"start":{"line":97,"column":2},"end":{"line":117,"column":3}},"31":{"start":{"line":98,"column":34},"end":{"line":98,"column":44}},"32":{"start":{"line":99,"column":41},"end":{"line":99,"column":49}},"33":{"start":{"line":101,"column":4},"end":{"line":110,"column":9}},"34":{"start":{"line":112,"column":4},"end":{"line":112,"column":52}},"35":{"start":{"line":115,"column":4},"end":{"line":115,"column":59}},"36":{"start":{"line":116,"column":4},"end":{"line":116,"column":51}}},"fnMap":{"0":{"name":"(anonymous_0)","decl":{"start":{"line":8,"column":24},"end":{"line":8,"column":25}},"loc":{"start":{"line":8,"column":44},"end":{"line":59,"column":1}},"line":8},"1":{"name":"(anonymous_1)","decl":{"start":{"line":62,"column":23},"end":{"line":62,"column":24}},"loc":{"start":{"line":62,"column":43},"end":{"line":93,"column":1}},"line":62},"2":{"name":"(anonymous_2)","decl":{"start":{"line":80,"column":29},"end":{"line":80,"column":30}},"loc":{"start":{"line":80,"column":36},"end":{"line":85,"column":5}},"line":80},"3":{"name":"(anonymous_3)","decl":{"start":{"line":96,"column":44},"end":{"line":96,"column":45}},"loc":{"start":{"line":96,"column":64},"end":{"line":118,"column":1}},"line":96}},"branchMap":{"0":{"loc":{"start":{"line":11,"column":42},"end":{"line":11,"column":56}},"type":"default-arg","locations":[{"start":{"line":11,"column":54},"end":{"line":11,"column":56}}],"line":11},"1":{"loc":{"start":{"line":11,"column":65},"end":{"line":11,"column":75}},"type":"default-arg","locations":[{"start":{"line":11,"column":73},"end":{"line":11,"column":75}}],"line":11},"2":{"loc":{"start":{"line":13,"column":4},"end":{"line":15,"column":5}},"type":"if","locations":[{"start":{"line":13,"column":4},"end":{"line":15,"column":5}},{"start":{},"end":{}}],"line":13},"3":{"loc":{"start":{"line":13,"column":8},"end":{"line":13,"column":41}},"type":"binary-expr","locations":[{"start":{"line":13,"column":8},"end":{"line":13,"column":18}},{"start":{"line":13,"column":22},"end":{"line":13,"column":31}},{"start":{"line":13,"column":35},"end":{"line":13,"column":41}}],"line":13},"4":{"loc":{"start":{"line":27,"column":15},"end":{"line":27,"column":49}},"type":"cond-expr","locations":[{"start":{"line":27,"column":25},"end":{"line":27,"column":42}},{"start":{"line":27,"column":45},"end":{"line":27,"column":49}}],"line":27},"5":{"loc":{"start":{"line":73,"column":4},"end":{"line":75,"column":5}},"type":"if","locations":[{"start":{"line":73,"column":4},"end":{"line":75,"column":5}},{"start":{},"end":{}}],"line":73},"6":{"loc":{"start":{"line":99,"column":12},"end":{"line":99,"column":36}},"type":"default-arg","locations":[{"start":{"line":99,"column":26},"end":{"line":99,"column":36}}],"line":99}},"s":{"0":2,"1":2,"2":2,"3":0,"4":0,"5":0,"6":0,"7":0,"8":0,"9":0,"10":0,"11":0,"12":0,"13":0,"14":0,"15":2,"16":0,"17":0,"18":0,"19":0,"20":0,"21":0,"22":0,"23":0,"24":0,"25":0,"26":0,"27":0,"28":0,"29":2,"30":0,"31":0,"32":0,"33":0,"34":0,"35":0,"36":0},"f":{"0":0,"1":0,"2":0,"3":0},"b":{"0":[0],"1":[0],"2":[0,0],"3":[0,0,0],"4":[0,0],"5":[0,0],"6":[0]},"inputSourceMap":null,"_coverageSchema":"1a1c01bbd47fc00a2c39e90264f33305004495a9","hash":"94263c7906587a3adca6949c59d6eafe7b3cab71"}
,"C:\\Users\\32477\\OneDrive\\Bureaublad\\Projects\\Time2Bill\\backend\\src\\routes\\projects.js": {"path":"C:\\Users\\32477\\OneDrive\\Bureaublad\\Projects\\Time2Bill\\backend\\src\\routes\\projects.js","statementMap":{"0":{"start":{"line":11,"column":15},"end":{"line":11,"column":31}},"1":{"start":{"line":12,"column":14},"end":{"line":12,"column":32}},"2":{"start":{"line":15,"column":0},"end":{"line":57,"column":3}},"3":{"start":{"line":16,"column":2},"end":{"line":56,"column":3}},"4":{"start":{"line":17,"column":23},"end":{"line":17,"column":33}},"5":{"start":{"line":18,"column":64},"end":{"line":18,"column":72}},"6":{"start":{"line":21,"column":23},"end":{"line":25,"column":12}},"7":{"start":{"line":27,"column":4},"end":{"line":34,"column":7}},"8":{"start":{"line":37,"column":4},"end":{"line":46,"column":9}},"9":{"start":{"line":48,"column":4},"end":{"line":51,"column":7}},"10":{"start":{"line":54,"column":4},"end":{"line":54,"column":52}},"11":{"start":{"line":55,"column":4},"end":{"line":55,"column":51}},"12":{"start":{"line":60,"column":0},"end":{"line":84,"column":3}},"13":{"start":{"line":61,"column":2},"end":{"line":83,"column":3}},"14":{"start":{"line":62,"column":23},"end":{"line":62,"column":33}},"15":{"start":{"line":63,"column":29},"end":{"line":68,"column":12}},"16":{"start":{"line":70,"column":21},"end":{"line":70,"column":23}},"17":{"start":{"line":71,"column":4},"end":{"line":76,"column":7}},"18":{"start":{"line":72,"column":6},"end":{"line":75,"column":9}},"19":{"start":{"line":78,"column":4},"end":{"line":78,"column":23}},"20":{"start":{"line":81,"column":4},"end":{"line":81,"column":53}},"21":{"start":{"line":82,"column":4},"end":{"line":82,"column":51}},"22":{"start":{"line":87,"column":0},"end":{"line":111,"column":3}},"23":{"start":{"line":88,"column":2},"end":{"line":110,"column":3}},"24":{"start":{"line":89,"column":34},"end":{"line":89,"column":44}},"25":{"start":{"line":91,"column":23},"end":{"line":96,"column":12}},"26":{"start":{"line":98,"column":4},"end":{"line":100,"column":5}},"27":{"start":{"line":99,"column":6},"end":{"line":99,"column":66}},"28":{"start":{"line":102,"column":4},"end":{"line":105,"column":7}},"29":{"start":{"line":108,"column":4},"end":{"line":108,"column":52}},"30":{"start":{"line":109,"column":4},"end":{"line":109,"column":51}},"31":{"start":{"line":114,"column":0},"end":{"line":135,"column":3}},"32":{"start":{"line":115,"column":2},"end":{"line":134,"column":3}},"33":{"start":{"line":116,"column":34},"end":{"line":116,"column":44}},"34":{"start":{"line":117,"column":23},"end":{"line":117,"column":31}},"35":{"start":{"line":120,"column":4},"end":{"line":120,"column":72}},"36":{"start":{"line":122,"column":4},"end":{"line":127,"column":26}},"37":{"start":{"line":129,"column":4},"end":{"line":129,"column":58}},"38":{"start":{"line":132,"column":4},"end":{"line":132,"column":52}},"39":{"start":{"line":133,"column":4},"end":{"line":133,"column":51}},"40":{"start":{"line":138,"column":0},"end":{"line":188,"column":3}},"41":{"start":{"line":139,"column":2},"end":{"line":187,"column":3}},"42":{"start":{"line":140,"column":34},"end":{"line":140,"column":44}},"43":{"start":{"line":143,"column":23},"end":{"line":148,"column":12}},"44":{"start":{"line":150,"column":4},"end":{"line":152,"column":5}},"45":{"start":{"line":151,"column":6},"end":{"line":151,"column":66}},"46":{"start":{"line":154,"column":25},"end":{"line":154,"column":42}},"47":{"start":{"line":157,"column":18},"end":{"line":157,"column":43}},"48":{"start":{"line":160,"column":23},"end":{"line":164,"column":21}},"49":{"start":{"line":166,"column":4},"end":{"line":166,"column":29}},"50":{"start":{"line":169,"column":29},"end":{"line":175,"column":21}},"51":{"start":{"line":177,"column":4},"end":{"line":177,"column":35}},"52":{"start":{"line":180,"column":4},"end":{"line":180,"column":25}},"53":{"start":{"line":182,"column":4},"end":{"line":182,"column":58}},"54":{"start":{"line":185,"column":4},"end":{"line":185,"column":52}},"55":{"start":{"line":186,"column":4},"end":{"line":186,"column":51}},"56":{"start":{"line":191,"column":0},"end":{"line":221,"column":3}},"57":{"start":{"line":192,"column":2},"end":{"line":220,"column":3}},"58":{"start":{"line":193,"column":34},"end":{"line":193,"column":44}},"59":{"start":{"line":194,"column":65},"end":{"line":194,"column":73}},"60":{"start":{"line":196,"column":20},"end":{"line":202,"column":12}},"61":{"start":{"line":204,"column":4},"end":{"line":210,"column":7}},"62":{"start":{"line":212,"column":4},"end":{"line":215,"column":7}},"63":{"start":{"line":218,"column":4},"end":{"line":218,"column":49}},"64":{"start":{"line":219,"column":4},"end":{"line":219,"column":51}},"65":{"start":{"line":224,"column":0},"end":{"line":251,"column":3}},"66":{"start":{"line":225,"column":2},"end":{"line":250,"column":3}},"67":{"start":{"line":226,"column":34},"end":{"line":226,"column":44}},"68":{"start":{"line":228,"column":26},"end":{"line":235,"column":12}},"69":{"start":{"line":237,"column":18},"end":{"line":237,"column":20}},"70":{"start":{"line":238,"column":4},"end":{"line":243,"column":7}},"71":{"start":{"line":239,"column":6},"end":{"line":242,"column":9}},"72":{"start":{"line":245,"column":4},"end":{"line":245,"column":20}},"73":{"start":{"line":248,"column":4},"end":{"line":248,"column":50}},"74":{"start":{"line":249,"column":4},"end":{"line":249,"column":51}},"75":{"start":{"line":254,"column":0},"end":{"line":285,"column":3}},"76":{"start":{"line":255,"column":2},"end":{"line":284,"column":3}},"77":{"start":{"line":256,"column":34},"end":{"line":256,"column":44}},"78":{"start":{"line":257,"column":66},"end":{"line":257,"column":74}},"79":{"start":{"line":259,"column":25},"end":{"line":265,"column":12}},"80":{"start":{"line":267,"column":4},"end":{"line":274,"column":7}},"81":{"start":{"line":276,"column":4},"end":{"line":279,"column":7}},"82":{"start":{"line":282,"column":4},"end":{"line":282,"column":64}},"83":{"start":{"line":283,"column":4},"end":{"line":283,"column":51}}},"fnMap":{"0":{"name":"(anonymous_0)","decl":{"start":{"line":15,"column":62},"end":{"line":15,"column":63}},"loc":{"start":{"line":15,"column":82},"end":{"line":57,"column":1}},"line":15},"1":{"name":"(anonymous_1)","decl":{"start":{"line":60,"column":23},"end":{"line":60,"column":24}},"loc":{"start":{"line":60,"column":43},"end":{"line":84,"column":1}},"line":60},"2":{"name":"(anonymous_2)","decl":{"start":{"line":71,"column":29},"end":{"line":71,"column":30}},"loc":{"start":{"line":71,"column":36},"end":{"line":76,"column":5}},"line":71},"3":{"name":"(anonymous_3)","decl":{"start":{"line":87,"column":34},"end":{"line":87,"column":35}},"loc":{"start":{"line":87,"column":54},"end":{"line":111,"column":1}},"line":87},"4":{"name":"(anonymous_4)","decl":{"start":{"line":114,"column":72},"end":{"line":114,"column":73}},"loc":{"start":{"line":114,"column":92},"end":{"line":135,"column":1}},"line":114},"5":{"name":"(anonymous_5)","decl":{"start":{"line":138,"column":37},"end":{"line":138,"column":38}},"loc":{"start":{"line":138,"column":57},"end":{"line":188,"column":1}},"line":138},"6":{"name":"(anonymous_6)","decl":{"start":{"line":191,"column":76},"end":{"line":191,"column":77}},"loc":{"start":{"line":191,"column":96},"end":{"line":221,"column":1}},"line":191},"7":{"name":"(anonymous_7)","decl":{"start":{"line":224,"column":40},"end":{"line":224,"column":41}},"loc":{"start":{"line":224,"column":60},"end":{"line":251,"column":1}},"line":224},"8":{"name":"(anonymous_8)","decl":{"start":{"line":238,"column":26},"end":{"line":238,"column":27}},"loc":{"start":{"line":238,"column":33},"end":{"line":243,"column":5}},"line":238},"9":{"name":"(anonymous_9)","decl":{"start":{"line":254,"column":86},"end":{"line":254,"column":87}},"loc":{"start":{"line":254,"column":106},"end":{"line":285,"column":1}},"line":254}},"branchMap":{"0":{"loc":{"start":{"line":18,"column":42},"end":{"line":18,"column":59}},"type":"default-arg","locations":[{"start":{"line":18,"column":51},"end":{"line":18,"column":59}}],"line":18},"1":{"loc":{"start":{"line":29,"column":19},"end":{"line":29,"column":36}},"type":"binary-expr","locations":[{"start":{"line":29,"column":19},"end":{"line":29,"column":30}},{"start":{"line":29,"column":34},"end":{"line":29,"column":36}}],"line":29},"2":{"loc":{"start":{"line":98,"column":4},"end":{"line":100,"column":5}},"type":"if","locations":[{"start":{"line":98,"column":4},"end":{"line":100,"column":5}},{"start":{},"end":{}}],"line":98},"3":{"loc":{"start":{"line":150,"column":4},"end":{"line":152,"column":5}},"type":"if","locations":[{"start":{"line":150,"column":4},"end":{"line":152,"column":5}},{"start":{},"end":{}}],"line":150},"4":{"loc":{"start":{"line":194,"column":42},"end":{"line":194,"column":60}},"type":"default-arg","locations":[{"start":{"line":194,"column":51},"end":{"line":194,"column":60}}],"line":194},"5":{"loc":{"start":{"line":206,"column":19},"end":{"line":206,"column":36}},"type":"binary-expr","locations":[{"start":{"line":206,"column":19},"end":{"line":206,"column":30}},{"start":{"line":206,"column":34},"end":{"line":206,"column":36}}],"line":206},"6":{"loc":{"start":{"line":208,"column":16},"end":{"line":208,"column":52}},"type":"cond-expr","locations":[{"start":{"line":208,"column":27},"end":{"line":208,"column":45}},{"start":{"line":208,"column":48},"end":{"line":208,"column":52}}],"line":208},"7":{"loc":{"start":{"line":269,"column":15},"end":{"line":269,"column":49}},"type":"cond-expr","locations":[{"start":{"line":269,"column":25},"end":{"line":269,"column":42}},{"start":{"line":269,"column":45},"end":{"line":269,"column":49}}],"line":269},"8":{"loc":{"start":{"line":271,"column":14},"end":{"line":271,"column":28}},"type":"binary-expr","locations":[{"start":{"line":271,"column":14},"end":{"line":271,"column":20}},{"start":{"line":271,"column":24},"end":{"line":271,"column":28}}],"line":271},"9":{"loc":{"start":{"line":272,"column":19},"end":{"line":272,"column":36}},"type":"binary-expr","locations":[{"start":{"line":272,"column":19},"end":{"line":272,"column":30}},{"start":{"line":272,"column":34},"end":{"line":272,"column":36}}],"line":272}},"s":{"0":2,"1":2,"2":2,"3":0,"4":0,"5":0,"6":0,"7":0,"8":0,"9":0,"10":0,"11":0,"12":2,"13":0,"14":0,"15":0,"16":0,"17":0,"18":0,"19":0,"20":0,"21":0,"22":2,"23":0,"24":0,"25":0,"26":0,"27":0,"28":0,"29":0,"30":0,"31":2,"32":0,"33":0,"34":0,"35":0,"36":0,"37":0,"38":0,"39":0,"40":2,"41":0,"42":0,"43":0,"44":0,"45":0,"46":0,"47":0,"48":0,"49":0,"50":0,"51":0,"52":0,"53":0,"54":0,"55":0,"56":2,"57":0,"58":0,"59":0,"60":0,"61":0,"62":0,"63":0,"64":0,"65":2,"66":0,"67":0,"68":0,"69":0,"70":0,"71":0,"72":0,"73":0,"74":0,"75":2,"76":0,"77":0,"78":0,"79":0,"80":0,"81":0,"82":0,"83":0},"f":{"0":0,"1":0,"2":0,"3":0,"4":0,"5":0,"6":0,"7":0,"8":0,"9":0},"b":{"0":[0],"1":[0,0],"2":[0,0],"3":[0,0],"4":[0],"5":[0,0],"6":[0,0],"7":[0,0],"8":[0,0],"9":[0,0]},"inputSourceMap":null,"_coverageSchema":"1a1c01bbd47fc00a2c39e90264f33305004495a9","hash":"d26e40f5d4463976f252009e992492a9edb3f57d"}
,"C:\\Users\\32477\\OneDrive\\Bureaublad\\Projects\\Time2Bill\\backend\\src\\routes\\send-invoice-email.js": {"path":"C:\\Users\\32477\\OneDrive\\Bureaublad\\Projects\\Time2Bill\\backend\\src\\routes\\send-invoice-email.js","statementMap":{"0":{"start":{"line":6,"column":15},"end":{"line":6,"column":31}},"1":{"start":{"line":7,"column":14},"end":{"line":7,"column":32}},"2":{"start":{"line":9,"column":0},"end":{"line":100,"column":3}},"3":{"start":{"line":10,"column":2},"end":{"line":99,"column":3}},"4":{"start":{"line":11,"column":55},"end":{"line":11,"column":63}},"5":{"start":{"line":12,"column":4},"end":{"line":14,"column":5}},"6":{"start":{"line":13,"column":6},"end":{"line":13,"column":72}},"7":{"start":{"line":17,"column":20},"end":{"line":22,"column":12}},"8":{"start":{"line":24,"column":4},"end":{"line":26,"column":5}},"9":{"start":{"line":25,"column":6},"end":{"line":25,"column":78}},"10":{"start":{"line":28,"column":26},"end":{"line":28,"column":40}},"11":{"start":{"line":31,"column":4},"end":{"line":33,"column":5}},"12":{"start":{"line":32,"column":6},"end":{"line":32,"column":74}},"13":{"start":{"line":36,"column":28},"end":{"line":48,"column":5}},"14":{"start":{"line":51,"column":24},"end":{"line":51,"column":67}},"15":{"start":{"line":54,"column":4},"end":{"line":59,"column":5}},"16":{"start":{"line":55,"column":6},"end":{"line":55,"column":33}},"17":{"start":{"line":57,"column":6},"end":{"line":57,"column":73}},"18":{"start":{"line":58,"column":6},"end":{"line":58,"column":82}},"19":{"start":{"line":62,"column":24},"end":{"line":74,"column":5}},"20":{"start":{"line":76,"column":4},"end":{"line":76,"column":44}},"21":{"start":{"line":78,"column":4},"end":{"line":78,"column":32}},"22":{"start":{"line":80,"column":4},"end":{"line":80,"column":57}},"23":{"start":{"line":83,"column":4},"end":{"line":93,"column":5}},"24":{"start":{"line":84,"column":6},"end":{"line":87,"column":9}},"25":{"start":{"line":88,"column":11},"end":{"line":93,"column":5}},"26":{"start":{"line":89,"column":6},"end":{"line":92,"column":9}},"27":{"start":{"line":95,"column":4},"end":{"line":98,"column":7}}},"fnMap":{"0":{"name":"(anonymous_0)","decl":{"start":{"line":9,"column":33},"end":{"line":9,"column":34}},"loc":{"start":{"line":9,"column":53},"end":{"line":100,"column":1}},"line":9}},"branchMap":{"0":{"loc":{"start":{"line":12,"column":4},"end":{"line":14,"column":5}},"type":"if","locations":[{"start":{"line":12,"column":4},"end":{"line":14,"column":5}},{"start":{},"end":{}}],"line":12},"1":{"loc":{"start":{"line":12,"column":8},"end":{"line":12,"column":59}},"type":"binary-expr","locations":[{"start":{"line":12,"column":8},"end":{"line":12,"column":11}},{"start":{"line":12,"column":15},"end":{"line":12,"column":23}},{"start":{"line":12,"column":27},"end":{"line":12,"column":32}},{"start":{"line":12,"column":36},"end":{"line":12,"column":46}},{"start":{"line":12,"column":50},"end":{"line":12,"column":59}}],"line":12},"2":{"loc":{"start":{"line":24,"column":4},"end":{"line":26,"column":5}},"type":"if","locations":[{"start":{"line":24,"column":4},"end":{"line":26,"column":5}},{"start":{},"end":{}}],"line":24},"3":{"loc":{"start":{"line":31,"column":4},"end":{"line":33,"column":5}},"type":"if","locations":[{"start":{"line":31,"column":4},"end":{"line":33,"column":5}},{"start":{},"end":{}}],"line":31},"4":{"loc":{"start":{"line":31,"column":8},"end":{"line":31,"column":117}},"type":"binary-expr","locations":[{"start":{"line":31,"column":8},"end":{"line":31,"column":31}},{"start":{"line":31,"column":35},"end":{"line":31,"column":58}},{"start":{"line":31,"column":62},"end":{"line":31,"column":86}},{"start":{"line":31,"column":90},"end":{"line":31,"column":117}}],"line":31},"5":{"loc":{"start":{"line":83,"column":4},"end":{"line":93,"column":5}},"type":"if","locations":[{"start":{"line":83,"column":4},"end":{"line":93,"column":5}},{"start":{"line":88,"column":11},"end":{"line":93,"column":5}}],"line":83},"6":{"loc":{"start":{"line":83,"column":8},"end":{"line":83,"column":66}},"type":"binary-expr","locations":[{"start":{"line":83,"column":8},"end":{"line":83,"column":36}},{"start":{"line":83,"column":40},"end":{"line":83,"column":66}}],"line":83},"7":{"loc":{"start":{"line":88,"column":11},"end":{"line":93,"column":5}},"type":"if","locations":[{"start":{"line":88,"column":11},"end":{"line":93,"column":5}},{"start":{},"end":{}}],"line":88}},"s":{"0":0,"1":0,"2":0,"3":0,"4":0,"5":0,"6":0,"7":0,"8":0,"9":0,"10":0,"11":0,"12":0,"13":0,"14":0,"15":0,"16":0,"17":0,"18":0,"19":0,"20":0,"21":0,"22":0,"23":0,"24":0,"25":0,"26":0,"27":0},"f":{"0":0},"b":{"0":[0,0],"1":[0,0,0,0,0],"2":[0,0],"3":[0,0],"4":[0,0,0,0],"5":[0,0],"6":[0,0],"7":[0,0]},"inputSourceMap":null}
,"C:\\Users\\32477\\OneDrive\\Bureaublad\\Projects\\Time2Bill\\backend\\src\\routes\\test-smtp-connection.js": {"path":"C:\\Users\\32477\\OneDrive\\Bureaublad\\Projects\\Time2Bill\\backend\\src\\routes\\test-smtp-connection.js","statementMap":{"0":{"start":{"line":5,"column":15},"end":{"line":5,"column":31}},"1":{"start":{"line":7,"column":0},"end":{"line":44,"column":3}},"2":{"start":{"line":8,"column":2},"end":{"line":43,"column":3}},"3":{"start":{"line":15,"column":8},"end":{"line":15,"column":16}},"4":{"start":{"line":18,"column":24},"end":{"line":30,"column":6}},"5":{"start":{"line":33,"column":4},"end":{"line":33,"column":31}},"6":{"start":{"line":35,"column":4},"end":{"line":35,"column":76}},"7":{"start":{"line":37,"column":4},"end":{"line":37,"column":57}},"8":{"start":{"line":38,"column":4},"end":{"line":42,"column":7}}},"fnMap":{"0":{"name":"(anonymous_0)","decl":{"start":{"line":7,"column":33},"end":{"line":7,"column":34}},"loc":{"start":{"line":7,"column":53},"end":{"line":44,"column":1}},"line":7}},"branchMap":{},"s":{"0":0,"1":0,"2":0,"3":0,"4":0,"5":0,"6":0,"7":0,"8":0},"f":{"0":0},"b":{},"inputSourceMap":null}
,"C:\\Users\\32477\\OneDrive\\Bureaublad\\Projects\\Time2Bill\\backend\\src\\routes\\users.js": {"path":"C:\\Users\\32477\\OneDrive\\Bureaublad\\Projects\\Time2Bill\\backend\\src\\routes\\users.js","statementMap":{"0":{"start":{"line":7,"column":15},"end":{"line":7,"column":31}},"1":{"start":{"line":8,"column":14},"end":{"line":8,"column":32}},"2":{"start":{"line":11,"column":27},"end":{"line":15,"column":2}},"3":{"start":{"line":17,"column":30},"end":{"line":25,"column":2}},"4":{"start":{"line":27,"column":29},"end":{"line":32,"column":2}},"5":{"start":{"line":35,"column":0},"end":{"line":92,"column":3}},"6":{"start":{"line":36,"column":2},"end":{"line":91,"column":3}},"7":{"start":{"line":37,"column":4},"end":{"line":37,"column":68}},"8":{"start":{"line":39,"column":42},"end":{"line":39,"column":50}},"9":{"start":{"line":41,"column":4},"end":{"line":44,"column":5}},"10":{"start":{"line":42,"column":6},"end":{"line":42,"column":53}},"11":{"start":{"line":43,"column":6},"end":{"line":43,"column":72}},"12":{"start":{"line":46,"column":4},"end":{"line":46,"column":53}},"13":{"start":{"line":47,"column":23},"end":{"line":52,"column":6}},"14":{"start":{"line":53,"column":4},"end":{"line":53,"column":66}},"15":{"start":{"line":55,"column":4},"end":{"line":55,"column":57}},"16":{"start":{"line":56,"column":29},"end":{"line":58,"column":6}},"17":{"start":{"line":60,"column":4},"end":{"line":60,"column":66}},"18":{"start":{"line":62,"column":4},"end":{"line":62,"column":58}},"19":{"start":{"line":63,"column":4},"end":{"line":71,"column":7}},"20":{"start":{"line":72,"column":4},"end":{"line":72,"column":54}},"21":{"start":{"line":74,"column":4},"end":{"line":78,"column":7}},"22":{"start":{"line":80,"column":4},"end":{"line":80,"column":48}},"23":{"start":{"line":83,"column":23},"end":{"line":83,"column":36}},"24":{"start":{"line":84,"column":4},"end":{"line":86,"column":5}},"25":{"start":{"line":85,"column":6},"end":{"line":85,"column":66}},"26":{"start":{"line":88,"column":4},"end":{"line":90,"column":7}},"27":{"start":{"line":97,"column":0},"end":{"line":120,"column":3}},"28":{"start":{"line":98,"column":2},"end":{"line":119,"column":3}},"29":{"start":{"line":99,"column":23},"end":{"line":99,"column":33}},"30":{"start":{"line":100,"column":20},"end":{"line":100,"column":28}},"31":{"start":{"line":103,"column":28},"end":{"line":107,"column":5}},"32":{"start":{"line":109,"column":4},"end":{"line":114,"column":7}},"33":{"start":{"line":116,"column":4},"end":{"line":116,"column":67}},"34":{"start":{"line":118,"column":4},"end":{"line":118,"column":51}},"35":{"start":{"line":123,"column":0},"end":{"line":138,"column":3}},"36":{"start":{"line":124,"column":2},"end":{"line":137,"column":3}},"37":{"start":{"line":125,"column":23},"end":{"line":125,"column":33}},"38":{"start":{"line":126,"column":20},"end":{"line":126,"column":28}},"39":{"start":{"line":128,"column":4},"end":{"line":132,"column":7}},"40":{"start":{"line":134,"column":4},"end":{"line":134,"column":66}},"41":{"start":{"line":136,"column":4},"end":{"line":136,"column":51}},"42":{"start":{"line":141,"column":0},"end":{"line":153,"column":3}},"43":{"start":{"line":142,"column":2},"end":{"line":152,"column":3}},"44":{"start":{"line":143,"column":23},"end":{"line":143,"column":33}},"45":{"start":{"line":144,"column":17},"end":{"line":144,"column":51}},"46":{"start":{"line":146,"column":4},"end":{"line":149,"column":7}},"47":{"start":{"line":151,"column":4},"end":{"line":151,"column":51}},"48":{"start":{"line":156,"column":0},"end":{"line":176,"column":3}},"49":{"start":{"line":157,"column":2},"end":{"line":175,"column":3}},"50":{"start":{"line":158,"column":23},"end":{"line":158,"column":33}},"51":{"start":{"line":159,"column":17},"end":{"line":159,"column":51}},"52":{"start":{"line":161,"column":29},"end":{"line":164,"column":5}},"53":{"start":{"line":167,"column":4},"end":{"line":167,"column":70}},"54":{"start":{"line":169,"column":4},"end":{"line":172,"column":7}},"55":{"start":{"line":174,"column":4},"end":{"line":174,"column":51}}},"fnMap":{"0":{"name":"(anonymous_0)","decl":{"start":{"line":35,"column":54},"end":{"line":35,"column":55}},"loc":{"start":{"line":35,"column":74},"end":{"line":92,"column":1}},"line":35},"1":{"name":"(anonymous_1)","decl":{"start":{"line":97,"column":96},"end":{"line":97,"column":97}},"loc":{"start":{"line":97,"column":116},"end":{"line":120,"column":1}},"line":97},"2":{"name":"(anonymous_2)","decl":{"start":{"line":123,"column":94},"end":{"line":123,"column":95}},"loc":{"start":{"line":123,"column":114},"end":{"line":138,"column":1}},"line":123},"3":{"name":"(anonymous_3)","decl":{"start":{"line":141,"column":59},"end":{"line":141,"column":60}},"loc":{"start":{"line":141,"column":79},"end":{"line":153,"column":1}},"line":141},"4":{"name":"(anonymous_4)","decl":{"start":{"line":156,"column":60},"end":{"line":156,"column":61}},"loc":{"start":{"line":156,"column":80},"end":{"line":176,"column":1}},"line":156}},"branchMap":{"0":{"loc":{"start":{"line":41,"column":4},"end":{"line":44,"column":5}},"type":"if","locations":[{"start":{"line":41,"column":4},"end":{"line":44,"column":5}},{"start":{},"end":{}}],"line":41},"1":{"loc":{"start":{"line":41,"column":8},"end":{"line":41,"column":40}},"type":"binary-expr","locations":[{"start":{"line":41,"column":8},"end":{"line":41,"column":14}},{"start":{"line":41,"column":18},"end":{"line":41,"column":27}},{"start":{"line":41,"column":31},"end":{"line":41,"column":40}}],"line":41},"2":{"loc":{"start":{"line":84,"column":4},"end":{"line":86,"column":5}},"type":"if","locations":[{"start":{"line":84,"column":4},"end":{"line":86,"column":5}},{"start":{},"end":{}}],"line":84},"3":{"loc":{"start":{"line":105,"column":16},"end":{"line":105,"column":40}},"type":"binary-expr","locations":[{"start":{"line":105,"column":16},"end":{"line":105,"column":32}},{"start":{"line":105,"column":36},"end":{"line":105,"column":40}}],"line":105}},"s":{"0":2,"1":2,"2":2,"3":2,"4":2,"5":2,"6":0,"7":0,"8":0,"9":0,"10":0,"11":0,"12":0,"13":0,"14":0,"15":0,"16":0,"17":0,"18":0,"19":0,"20":0,"21":0,"22":0,"23":0,"24":0,"25":0,"26":0,"27":2,"28":0,"29":0,"30":0,"31":0,"32":0,"33":0,"34":0,"35":2,"36":0,"37":0,"38":0,"39":0,"40":0,"41":0,"42":2,"43":0,"44":0,"45":0,"46":0,"47":0,"48":2,"49":0,"50":0,"51":0,"52":0,"53":0,"54":0,"55":0},"f":{"0":0,"1":0,"2":0,"3":0,"4":0},"b":{"0":[0,0],"1":[0,0,0],"2":[0,0],"3":[0,0]},"inputSourceMap":null,"_coverageSchema":"1a1c01bbd47fc00a2c39e90264f33305004495a9","hash":"aab8169f2c3ee95f7e3c5df56bc93535d112349d"}
,"C:\\Users\\32477\\OneDrive\\Bureaublad\\Projects\\Time2Bill\\backend\\src\\schemas\\project.schema.js": {"path":"C:\\Users\\32477\\OneDrive\\Bureaublad\\Projects\\Time2Bill\\backend\\src\\schemas\\project.schema.js","statementMap":{"0":{"start":{"line":4,"column":35},"end":{"line":9,"column":2}},"1":{"start":{"line":12,"column":35},"end":{"line":16,"column":9}},"2":{"start":{"line":19,"column":32},"end":{"line":24,"column":2}},"3":{"start":{"line":27,"column":34},"end":{"line":33,"column":2}}},"fnMap":{},"branchMap":{},"s":{"0":2,"1":2,"2":2,"3":2},"f":{},"b":{},"inputSourceMap":null,"_coverageSchema":"1a1c01bbd47fc00a2c39e90264f33305004495a9","hash":"dfb447a1ba5019cc88bed758721935a147d550dd"}
,"C:\\Users\\32477\\OneDrive\\Bureaublad\\Projects\\Time2Bill\\backend\\src\\utils\\pipeline-test.js": {"path":"C:\\Users\\32477\\OneDrive\\Bureaublad\\Projects\\Time2Bill\\backend\\src\\utils\\pipeline-test.js","statementMap":{"0":{"start":{"line":5,"column":2},"end":{"line":5,"column":57}}},"fnMap":{"0":{"name":"testFunction","decl":{"start":{"line":4,"column":16},"end":{"line":4,"column":28}},"loc":{"start":{"line":4,"column":31},"end":{"line":6,"column":1}},"line":4}},"branchMap":{},"s":{"0":0},"f":{"0":0},"b":{},"inputSourceMap":null}
}
