TN:
SF:src\index.js
FN:24,(anonymous_0)
FN:50,(anonymous_1)
FN:54,(anonymous_2)
FN:71,(anonymous_3)
FNF:4
FNH:0
FNDA:0,(anonymous_0)
FNDA:0,(anonymous_1)
FNDA:0,(anonymous_2)
FNDA:0,(anonymous_3)
DA:16,0
DA:18,0
DA:20,0
DA:23,0
DA:26,0
DA:29,0
DA:30,0
DA:33,0
DA:41,0
DA:43,0
DA:46,0
DA:47,0
DA:50,0
DA:51,0
DA:54,0
DA:55,0
DA:62,0
DA:63,0
DA:64,0
DA:65,0
DA:66,0
DA:67,0
DA:68,0
DA:70,0
DA:71,0
DA:72,0
LF:26
LH:0
BRDA:26,0,0,0
BRDA:26,0,1,0
BRDA:29,1,0,0
BRDA:29,1,1,0
BRDA:57,2,0,0
BRDA:57,2,1,0
BRDA:70,3,0,0
BRDA:70,3,1,0
BRF:8
BRH:0
end_of_record
TN:
SF:src\functions\sendInvoiceEmail.js
FN:4,(anonymous_0)
FNF:1
FNH:0
FNDA:0,(anonymous_0)
DA:4,0
DA:5,0
DA:7,0
DA:8,0
DA:14,0
DA:15,0
DA:18,0
DA:19,0
DA:27,0
DA:34,0
DA:35,0
DA:41,0
DA:44,0
DA:60,0
DA:63,0
DA:64,0
DA:65,0
DA:66,0
DA:71,0
DA:76,0
DA:77,0
DA:84,0
DA:86,0
DA:87,0
LF:24
LH:0
BRDA:7,0,0,0
BRDA:7,0,1,0
BRDA:18,1,0,0
BRDA:18,1,1,0
BRDA:18,2,0,0
BRDA:18,2,1,0
BRDA:18,2,2,0
BRDA:18,2,3,0
BRDA:18,2,4,0
BRDA:34,3,0,0
BRDA:34,3,1,0
BRDA:64,4,0,0
BRDA:64,4,1,0
BRDA:64,5,0,0
BRDA:64,5,1,0
BRDA:76,6,0,0
BRDA:76,6,1,0
BRF:17
BRH:0
end_of_record
TN:
SF:src\middleware\auth.middleware.js
FN:5,(anonymous_0)
FNF:1
FNH:0
FNDA:0,(anonymous_0)
DA:3,2
DA:5,2
DA:6,0
DA:7,0
DA:9,0
DA:10,0
DA:13,0
DA:15,0
DA:16,0
DA:17,0
DA:20,0
DA:21,0
DA:22,0
DA:25,0
DA:27,0
DA:28,0
DA:31,0
DA:32,0
LF:18
LH:2
BRDA:9,0,0,0
BRDA:9,0,1,0
BRDA:9,1,0,0
BRDA:9,1,1,0
BRDA:21,2,0,0
BRDA:21,2,1,0
BRDA:21,3,0,0
BRDA:21,3,1,0
BRF:8
BRH:0
end_of_record
TN:
SF:src\middleware\validation.middleware.js
FN:6,(anonymous_0)
FN:7,(anonymous_1)
FN:17,(anonymous_2)
FNF:3
FNH:1
FNDA:14,(anonymous_0)
FNDA:0,(anonymous_1)
FNDA:0,(anonymous_2)
DA:6,2
DA:7,14
DA:8,0
DA:10,0
DA:13,0
DA:15,0
DA:17,0
DA:22,0
DA:29,0
DA:31,0
DA:32,0
LF:11
LH:2
BRDA:15,0,0,0
BRDA:15,0,1,0
BRF:2
BRH:0
end_of_record
TN:
SF:src\routes\clients.js
FN:8,(anonymous_0)
FN:45,(anonymous_1)
FN:57,(anonymous_2)
FN:73,(anonymous_3)
FN:98,(anonymous_4)
FN:118,(anonymous_5)
FN:142,(anonymous_6)
FNF:7
FNH:0
FNDA:0,(anonymous_0)
FNDA:0,(anonymous_1)
FNDA:0,(anonymous_2)
FNDA:0,(anonymous_3)
FNDA:0,(anonymous_4)
FNDA:0,(anonymous_5)
FNDA:0,(anonymous_6)
DA:4,2
DA:5,2
DA:8,2
DA:9,0
DA:10,0
DA:11,0
DA:13,0
DA:14,0
DA:17,0
DA:23,0
DA:33,0
DA:39,0
DA:40,0
DA:45,2
DA:46,0
DA:47,0
DA:49,0
DA:56,0
DA:57,0
DA:58,0
DA:64,0
DA:67,0
DA:68,0
DA:73,2
DA:74,0
DA:75,0
DA:77,0
DA:84,0
DA:85,0
DA:89,0
DA:97,0
DA:98,0
DA:99,0
DA:105,0
DA:112,0
DA:113,0
DA:118,2
DA:119,0
DA:120,0
DA:121,0
DA:124,0
DA:126,0
DA:133,0
DA:136,0
DA:137,0
DA:142,2
DA:143,0
DA:144,0
DA:147,0
DA:155,0
DA:156,0
DA:161,0
DA:168,0
DA:171,0
DA:172,0
LF:55
LH:7
BRDA:13,0,0,0
BRDA:13,0,1,0
BRDA:25,1,0,0
BRDA:25,1,1,0
BRDA:26,2,0,0
BRDA:26,2,1,0
BRDA:27,3,0,0
BRDA:27,3,1,0
BRDA:28,4,0,0
BRDA:28,4,1,0
BRDA:84,5,0,0
BRDA:84,5,1,0
BRDA:155,6,0,0
BRDA:155,6,1,0
BRF:14
BRH:0
end_of_record
TN:
SF:src\routes\config.js
FN:6,(anonymous_0)
FNF:1
FNH:0
FNDA:0,(anonymous_0)
DA:4,2
DA:6,2
DA:7,0
LF:3
LH:2
BRF:0
BRH:0
end_of_record
TN:
SF:src\routes\invoices.js
FN:8,(anonymous_0)
FN:62,(anonymous_1)
FN:80,(anonymous_2)
FN:96,(anonymous_3)
FNF:4
FNH:0
FNDA:0,(anonymous_0)
FNDA:0,(anonymous_1)
FNDA:0,(anonymous_2)
FNDA:0,(anonymous_3)
DA:4,2
DA:5,2
DA:8,2
DA:9,0
DA:10,0
DA:11,0
DA:13,0
DA:14,0
DA:17,0
DA:23,0
DA:35,0
DA:38,0
DA:49,0
DA:56,0
DA:57,0
DA:62,2
DA:63,0
DA:64,0
DA:65,0
DA:67,0
DA:73,0
DA:74,0
DA:77,0
DA:79,0
DA:80,0
DA:81,0
DA:87,0
DA:90,0
DA:91,0
DA:96,2
DA:97,0
DA:98,0
DA:99,0
DA:101,0
DA:112,0
DA:115,0
DA:116,0
LF:37
LH:5
BRDA:11,0,0,0
BRDA:11,1,0,0
BRDA:13,2,0,0
BRDA:13,2,1,0
BRDA:13,3,0,0
BRDA:13,3,1,0
BRDA:13,3,2,0
BRDA:27,4,0,0
BRDA:27,4,1,0
BRDA:73,5,0,0
BRDA:73,5,1,0
BRDA:99,6,0,0
BRF:12
BRH:0
end_of_record
TN:
SF:src\routes\projects.js
FN:15,(anonymous_0)
FN:60,(anonymous_1)
FN:71,(anonymous_2)
FN:87,(anonymous_3)
FN:114,(anonymous_4)
FN:138,(anonymous_5)
FN:191,(anonymous_6)
FN:224,(anonymous_7)
FN:238,(anonymous_8)
FN:254,(anonymous_9)
FNF:10
FNH:0
FNDA:0,(anonymous_0)
FNDA:0,(anonymous_1)
FNDA:0,(anonymous_2)
FNDA:0,(anonymous_3)
FNDA:0,(anonymous_4)
FNDA:0,(anonymous_5)
FNDA:0,(anonymous_6)
FNDA:0,(anonymous_7)
FNDA:0,(anonymous_8)
FNDA:0,(anonymous_9)
DA:11,2
DA:12,2
DA:15,2
DA:16,0
DA:17,0
DA:18,0
DA:21,0
DA:27,0
DA:37,0
DA:48,0
DA:54,0
DA:55,0
DA:60,2
DA:61,0
DA:62,0
DA:63,0
DA:70,0
DA:71,0
DA:72,0
DA:78,0
DA:81,0
DA:82,0
DA:87,2
DA:88,0
DA:89,0
DA:91,0
DA:98,0
DA:99,0
DA:102,0
DA:108,0
DA:109,0
DA:114,2
DA:115,0
DA:116,0
DA:117,0
DA:120,0
DA:122,0
DA:129,0
DA:132,0
DA:133,0
DA:138,2
DA:139,0
DA:140,0
DA:143,0
DA:150,0
DA:151,0
DA:154,0
DA:157,0
DA:160,0
DA:166,0
DA:169,0
DA:177,0
DA:180,0
DA:182,0
DA:185,0
DA:186,0
DA:191,2
DA:192,0
DA:193,0
DA:194,0
DA:196,0
DA:204,0
DA:212,0
DA:218,0
DA:219,0
DA:224,2
DA:225,0
DA:226,0
DA:228,0
DA:237,0
DA:238,0
DA:239,0
DA:245,0
DA:248,0
DA:249,0
DA:254,2
DA:255,0
DA:256,0
DA:257,0
DA:259,0
DA:267,0
DA:276,0
DA:282,0
DA:283,0
LF:84
LH:10
BRDA:18,0,0,0
BRDA:29,1,0,0
BRDA:29,1,1,0
BRDA:98,2,0,0
BRDA:98,2,1,0
BRDA:150,3,0,0
BRDA:150,3,1,0
BRDA:194,4,0,0
BRDA:206,5,0,0
BRDA:206,5,1,0
BRDA:208,6,0,0
BRDA:208,6,1,0
BRDA:269,7,0,0
BRDA:269,7,1,0
BRDA:271,8,0,0
BRDA:271,8,1,0
BRDA:272,9,0,0
BRDA:272,9,1,0
BRF:18
BRH:0
end_of_record
TN:
SF:src\routes\send-invoice-email.js
FN:9,(anonymous_0)
FNF:1
FNH:0
FNDA:0,(anonymous_0)
DA:6,0
DA:7,0
DA:9,0
DA:10,0
DA:11,0
DA:12,0
DA:13,0
DA:17,0
DA:24,0
DA:25,0
DA:28,0
DA:31,0
DA:32,0
DA:36,0
DA:51,0
DA:54,0
DA:55,0
DA:57,0
DA:58,0
DA:62,0
DA:76,0
DA:78,0
DA:80,0
DA:83,0
DA:84,0
DA:88,0
DA:89,0
DA:95,0
LF:28
LH:0
BRDA:12,0,0,0
BRDA:12,0,1,0
BRDA:12,1,0,0
BRDA:12,1,1,0
BRDA:12,1,2,0
BRDA:12,1,3,0
BRDA:12,1,4,0
BRDA:24,2,0,0
BRDA:24,2,1,0
BRDA:31,3,0,0
BRDA:31,3,1,0
BRDA:31,4,0,0
BRDA:31,4,1,0
BRDA:31,4,2,0
BRDA:31,4,3,0
BRDA:83,5,0,0
BRDA:83,5,1,0
BRDA:83,6,0,0
BRDA:83,6,1,0
BRDA:88,7,0,0
BRDA:88,7,1,0
BRF:21
BRH:0
end_of_record
TN:
SF:src\routes\test-smtp-connection.js
FN:7,(anonymous_0)
FNF:1
FNH:0
FNDA:0,(anonymous_0)
DA:5,0
DA:7,0
DA:8,0
DA:15,0
DA:18,0
DA:33,0
DA:35,0
DA:37,0
DA:38,0
LF:9
LH:0
BRF:0
BRH:0
end_of_record
TN:
SF:src\routes\users.js
FN:35,(anonymous_0)
FN:97,(anonymous_1)
FN:123,(anonymous_2)
FN:141,(anonymous_3)
FN:156,(anonymous_4)
FNF:5
FNH:0
FNDA:0,(anonymous_0)
FNDA:0,(anonymous_1)
FNDA:0,(anonymous_2)
FNDA:0,(anonymous_3)
FNDA:0,(anonymous_4)
DA:7,2
DA:8,2
DA:11,2
DA:17,2
DA:27,2
DA:35,2
DA:36,0
DA:37,0
DA:39,0
DA:41,0
DA:42,0
DA:43,0
DA:46,0
DA:47,0
DA:53,0
DA:55,0
DA:56,0
DA:60,0
DA:62,0
DA:63,0
DA:72,0
DA:74,0
DA:80,0
DA:83,0
DA:84,0
DA:85,0
DA:88,0
DA:97,2
DA:98,0
DA:99,0
DA:100,0
DA:103,0
DA:109,0
DA:116,0
DA:118,0
DA:123,2
DA:124,0
DA:125,0
DA:126,0
DA:128,0
DA:134,0
DA:136,0
DA:141,2
DA:142,0
DA:143,0
DA:144,0
DA:146,0
DA:151,0
DA:156,2
DA:157,0
DA:158,0
DA:159,0
DA:161,0
DA:167,0
DA:169,0
DA:174,0
LF:56
LH:10
BRDA:41,0,0,0
BRDA:41,0,1,0
BRDA:41,1,0,0
BRDA:41,1,1,0
BRDA:41,1,2,0
BRDA:84,2,0,0
BRDA:84,2,1,0
BRDA:105,3,0,0
BRDA:105,3,1,0
BRF:9
BRH:0
end_of_record
TN:
SF:src\schemas\project.schema.js
FNF:0
FNH:0
DA:4,2
DA:12,2
DA:19,2
DA:27,2
LF:4
LH:4
BRF:0
BRH:0
end_of_record
TN:
SF:src\utils\pipeline-test.js
FN:4,testFunction
FNF:1
FNH:0
FNDA:0,testFunction
DA:5,0
LF:1
LH:0
BRF:0
BRH:0
end_of_record
